<?xml version="1.0" encoding="UTF-8"?>
<testng-results ignored="0" total="1" passed="1" failed="0" skipped="0">
  <reporter-output>
  </reporter-output>
  <suite started-at="2022-12-11T05:41:07Z" name="Default suite" finished-at="2022-12-11T05:41:09Z" duration-ms="1591">
    <groups>
    </groups>
    <test started-at="2022-12-11T05:41:07Z" name="Default test" finished-at="2022-12-11T05:41:09Z" duration-ms="1591">
      <class name="test.EndToEndTest">
        <test-method signature="test()[pri:0, instance:test.EndToEndTest@573906eb]" started-at="2022-12-11T05:41:07Z" name="test" finished-at="2022-12-11T05:41:09Z" duration-ms="1580" status="PASS">
          <reporter-output>
          </reporter-output>
        </test-method> <!-- test -->
      </class> <!-- test.EndToEndTest -->
    </test> <!-- Default test -->
  </suite> <!-- Default suite -->
</testng-results>
